Process started 2022-09-27 21:26:09.249472
NODE : slurmnode1
PID  : 489
Executing for 5 secs
Process finished 2022-09-27 21:26:14.251089

False
Process started 2022-09-27 21:26:09.286544
NODE : slurmnode4
PID  : 135
Executing for 5 secs
Process finished 2022-09-27 21:26:14.293513

False
Process started 2022-09-27 21:26:09.286364
NODE : slurmnode2
PID  : 135
Executing for 5 secs
Process finished 2022-09-27 21:26:14.290936

False
Process started 2022-09-27 21:26:09.283864
NODE : slurmnode3
PID  : 135
Executing for 5 secs
Process finished 2022-09-27 21:26:14.286927

False
Process started 2022-09-27 21:26:09.281574
NODE : slurmnode4
PID  : 132
Executing for 5 secs
Process finished 2022-09-27 21:26:14.283065

False
Process started 2022-09-27 21:26:09.249530
NODE : slurmnode1
PID  : 485
Executing for 5 secs
Process finished 2022-09-27 21:26:14.250931

False
Process started 2022-09-27 21:26:09.251651
NODE : slurmnode1
PID  : 487
Executing for 5 secs
Process finished 2022-09-27 21:26:14.254931

False
Process started 2022-09-27 21:26:09.251651
NODE : slurmnode1
PID  : 488
Executing for 5 secs
Process finished 2022-09-27 21:26:14.254930

False
Process started 2022-09-27 21:26:09.269182
NODE : slurmnode4
PID  : 133
Executing for 5 secs
Process finished 2022-09-27 21:26:14.270931

False
Process started 2022-09-27 21:26:09.281574
NODE : slurmnode2
PID  : 131
Executing for 5 secs
Process finished 2022-09-27 21:26:14.282929

False
Process started 2022-09-27 21:26:09.296127
NODE : slurmnode4
PID  : 131
Executing for 5 secs
Process finished 2022-09-27 21:26:14.298937

False
Process started 2022-09-27 21:26:09.296475
NODE : slurmnode2
PID  : 134
Executing for 5 secs
Process finished 2022-09-27 21:26:14.298936

False
Process started 2022-09-27 21:26:09.296156
NODE : slurmnode2
PID  : 133
Executing for 5 secs
Process finished 2022-09-27 21:26:14.298933

False
Process started 2022-09-27 21:26:09.292055
NODE : slurmnode3
PID  : 134
Executing for 5 secs
Process finished 2022-09-27 21:26:14.294947

False
Process started 2022-09-27 21:26:09.289160
NODE : slurmnode3
PID  : 131
Executing for 5 secs
Process finished 2022-09-27 21:26:14.290930

False
Process started 2022-09-27 21:26:09.293211
NODE : slurmnode3
PID  : 133
Executing for 5 secs
Process finished 2022-09-27 21:26:14.294947

False
Process started 2022-09-27 21:26:09.277420
NODE : slurmnode4
PID  : 134
Executing for 5 secs
Process finished 2022-09-27 21:26:14.282941

False
Process started 2022-09-27 21:26:09.303422
NODE : slurmnode3
PID  : 132
Executing for 5 secs
Process finished 2022-09-27 21:26:14.311750

False
Process started 2022-09-27 21:26:09.310178
NODE : slurmnode2
PID  : 132
Executing for 5 secs
Process finished 2022-09-27 21:26:14.318932

False
Process started 2022-09-27 21:26:09.302511
NODE : slurmnode1
PID  : 486
Executing for 5 secs
Process finished 2022-09-27 21:26:14.306936

False
